2023-05-08 14:40:17,666 - INFO - draw map
2023-05-08 14:40:17,698 - INFO - draw map
2023-05-08 14:40:17,731 - INFO - draw map
2023-05-08 14:40:17,765 - INFO - draw map
2023-05-08 14:40:17,799 - INFO - draw map
2023-05-08 14:40:17,832 - INFO - draw map
2023-05-08 14:40:17,866 - INFO - draw map
2023-05-08 14:40:17,900 - INFO - draw map
2023-05-08 14:40:17,933 - INFO - draw map
2023-05-08 14:40:17,967 - INFO - draw map
2023-05-08 14:40:18,000 - INFO - draw map
2023-05-08 14:40:18,034 - INFO - draw map
2023-05-08 14:40:18,066 - INFO - draw map
2023-05-08 14:40:18,100 - INFO - draw map
2023-05-08 14:40:18,132 - INFO - draw map
2023-05-08 14:40:18,166 - INFO - draw map
2023-05-08 14:40:18,198 - INFO - draw map
2023-05-08 14:40:18,231 - INFO - draw map
2023-05-08 14:40:18,265 - INFO - draw map
2023-05-08 14:40:18,298 - INFO - draw map
2023-05-08 14:40:18,331 - INFO - draw map
2023-05-08 14:40:18,365 - INFO - draw map
2023-05-08 14:40:18,398 - INFO - draw map
2023-05-08 14:40:18,431 - INFO - draw map
2023-05-08 14:40:18,465 - INFO - draw map
2023-05-08 14:40:18,498 - INFO - draw map
2023-05-08 14:40:18,533 - INFO - draw map
2023-05-08 14:40:18,566 - INFO - draw map
2023-05-08 14:40:18,599 - INFO - draw map
2023-05-08 14:40:18,632 - INFO - draw map
2023-05-08 14:40:18,666 - INFO - draw map
2023-05-08 14:40:18,699 - INFO - draw map
2023-05-08 14:40:18,733 - INFO - draw map
2023-05-08 14:40:18,767 - INFO - draw map
2023-05-08 14:40:18,801 - INFO - draw map
2023-05-08 14:40:18,833 - INFO - draw map
2023-05-08 14:40:18,866 - INFO - draw map
2023-05-08 14:40:18,899 - INFO - draw map
2023-05-08 14:40:18,933 - INFO - draw map
2023-05-08 14:40:18,969 - INFO - keydown
2023-05-08 14:40:18,969 - INFO - keydown
2023-05-08 14:40:18,970 - INFO - draw map
2023-05-08 14:40:19,000 - INFO - draw map
2023-05-08 14:40:19,034 - INFO - draw map
2023-05-08 14:40:19,069 - INFO - draw map
2023-05-08 14:40:19,101 - INFO - draw map
2023-05-08 14:40:19,135 - INFO - draw map
2023-05-08 14:40:19,169 - INFO - draw map
2023-05-08 14:40:19,202 - INFO - draw map
2023-05-08 14:40:19,235 - INFO - draw map
2023-05-08 14:40:19,269 - INFO - draw map
2023-05-08 14:40:19,303 - INFO - draw map
2023-05-08 14:40:19,336 - INFO - draw map
2023-05-08 14:40:19,370 - INFO - draw map
2023-05-08 14:40:19,403 - INFO - draw map
2023-05-08 14:40:19,437 - INFO - draw map
2023-05-08 14:40:19,470 - INFO - draw map
2023-05-08 14:40:19,504 - INFO - draw map
2023-05-08 14:40:19,537 - INFO - draw map
2023-05-08 14:40:19,570 - INFO - draw map
2023-05-08 14:40:19,605 - INFO - draw map
2023-05-08 14:40:19,638 - INFO - draw map
2023-05-08 14:40:19,672 - INFO - draw map
2023-05-08 14:40:19,706 - INFO - draw map
2023-05-08 14:40:19,739 - INFO - draw map
2023-05-08 14:40:19,773 - INFO - draw map
2023-05-08 14:40:19,807 - INFO - draw map
2023-05-08 14:40:19,840 - INFO - draw map
2023-05-08 14:40:19,873 - INFO - draw map
2023-05-08 14:40:19,907 - INFO - draw map
2023-05-08 14:40:19,940 - INFO - draw map
2023-05-08 14:40:19,974 - INFO - draw map
2023-05-08 14:40:20,008 - INFO - draw map
2023-05-08 14:40:20,043 - INFO - draw map
2023-05-08 14:40:20,076 - INFO - draw map
2023-05-08 14:40:20,110 - INFO - draw map
2023-05-08 14:40:20,144 - INFO - draw map
2023-05-08 14:40:20,178 - INFO - draw map
2023-05-08 14:40:20,211 - INFO - draw map
2023-05-08 14:40:20,245 - INFO - draw map
2023-05-08 14:40:20,279 - INFO - draw map
2023-05-08 14:40:20,313 - INFO - draw map
2023-05-08 14:40:20,346 - INFO - draw map
2023-05-08 14:40:20,380 - INFO - draw map
2023-05-08 14:40:20,413 - INFO - draw map
2023-05-08 14:40:20,446 - INFO - draw map
2023-05-08 14:40:20,479 - INFO - draw map
2023-05-08 14:40:20,512 - INFO - draw map
2023-05-08 14:40:20,546 - INFO - draw map
2023-05-08 14:40:20,579 - INFO - draw map
2023-05-08 14:40:20,612 - INFO - draw map
2023-05-08 14:40:20,646 - INFO - draw map
2023-05-08 14:40:20,679 - INFO - draw map
2023-05-08 14:40:20,713 - INFO - draw map
2023-05-08 14:40:20,745 - INFO - draw map
2023-05-08 14:40:20,779 - INFO - draw map
2023-05-08 14:40:20,812 - INFO - draw map
2023-05-08 14:40:20,846 - INFO - draw map
2023-05-08 14:40:20,879 - INFO - draw map
2023-05-08 14:40:20,912 - INFO - draw map
2023-05-08 14:40:20,945 - INFO - draw map
2023-05-08 14:40:20,978 - INFO - draw map
2023-05-08 14:40:21,012 - INFO - draw map
2023-05-08 14:40:21,045 - INFO - draw map
2023-05-08 14:40:21,078 - INFO - draw map
2023-05-08 14:40:21,111 - INFO - draw map
2023-05-08 14:40:21,144 - INFO - draw map
2023-05-08 14:40:21,178 - INFO - draw map
2023-05-08 14:40:21,212 - INFO - draw map
2023-05-08 14:40:21,246 - INFO - draw map
2023-05-08 14:40:21,279 - INFO - draw map
2023-05-08 14:40:21,311 - INFO - draw map
2023-05-08 14:40:21,345 - INFO - draw map
2023-05-08 14:40:21,378 - INFO - draw map
2023-05-08 14:40:21,411 - INFO - draw map
2023-05-08 14:40:21,444 - INFO - draw map
2023-05-08 14:40:21,479 - INFO - draw map
2023-05-08 14:40:23,289 - INFO - draw map
2023-05-08 14:40:23,291 - INFO - draw map
2023-05-08 14:40:23,325 - INFO - draw map
2023-05-08 14:40:23,360 - INFO - draw map
2023-05-08 14:40:23,394 - INFO - draw map
2023-05-08 14:40:23,427 - INFO - draw map
2023-05-08 14:40:23,461 - INFO - draw map
2023-05-08 14:40:23,495 - INFO - draw map
2023-05-08 14:40:23,529 - INFO - draw map
2023-05-08 14:40:23,564 - INFO - draw map
2023-05-08 14:40:23,596 - INFO - draw map
2023-05-08 14:40:23,630 - INFO - draw map
2023-05-08 14:40:23,665 - INFO - draw map
2023-05-08 14:40:23,698 - INFO - draw map
2023-05-08 14:40:23,732 - INFO - draw map
2023-05-08 14:40:23,766 - INFO - draw map
2023-05-08 14:40:23,800 - INFO - draw map
2023-05-08 14:40:23,833 - INFO - draw map
2023-05-08 14:40:23,867 - INFO - draw map
2023-05-08 14:40:23,901 - INFO - draw map
2023-05-08 14:40:23,934 - INFO - draw map
2023-05-08 14:40:23,967 - INFO - draw map
2023-05-08 14:40:24,000 - INFO - draw map
2023-05-08 14:40:24,033 - INFO - draw map
2023-05-08 14:40:24,067 - INFO - draw map
2023-05-08 14:40:24,100 - INFO - draw map
2023-05-08 14:40:24,134 - INFO - draw map
2023-05-08 14:40:24,167 - INFO - keydown
2023-05-08 14:40:24,169 - INFO - draw map
2023-05-08 14:40:24,201 - INFO - draw map
2023-05-08 14:40:24,234 - INFO - draw map
2023-05-08 14:40:24,268 - INFO - draw map
2023-05-08 14:40:24,301 - INFO - draw map
2023-05-08 14:40:24,335 - INFO - draw map
2023-05-08 14:40:24,369 - INFO - draw map
2023-05-08 14:40:24,402 - INFO - draw map
2023-05-08 14:40:24,436 - INFO - draw map
2023-05-08 14:40:24,469 - INFO - draw map
2023-05-08 14:40:24,504 - INFO - draw map
2023-05-08 14:40:24,536 - INFO - keydown
2023-05-08 14:40:24,538 - INFO - draw map
2023-05-08 14:40:24,569 - INFO - draw map
2023-05-08 14:40:24,603 - INFO - draw map
2023-05-08 14:40:24,636 - INFO - draw map
2023-05-08 14:40:24,670 - INFO - draw map
2023-05-08 14:40:24,702 - INFO - draw map
2023-05-08 14:40:24,735 - INFO - keydown
2023-05-08 14:40:24,737 - INFO - draw map
2023-05-08 14:40:24,769 - INFO - draw map
2023-05-08 14:40:24,802 - INFO - draw map
2023-05-08 14:40:24,835 - INFO - draw map
2023-05-08 14:40:24,868 - INFO - draw map
2023-05-08 14:40:24,902 - INFO - draw map
2023-05-08 14:40:24,936 - INFO - keydown
2023-05-08 14:40:24,937 - INFO - draw map
2023-05-08 14:40:24,970 - INFO - draw map
2023-05-08 14:40:25,004 - INFO - draw map
2023-05-08 14:40:25,036 - INFO - draw map
2023-05-08 14:40:25,070 - INFO - draw map
2023-05-08 14:40:25,103 - INFO - keydown
2023-05-08 14:40:25,105 - INFO - draw map
2023-05-08 14:40:25,137 - INFO - draw map
2023-05-08 14:40:25,171 - INFO - draw map
2023-05-08 14:40:25,203 - INFO - keydown
2023-05-08 14:40:25,204 - INFO - draw map
2023-05-08 14:40:25,237 - INFO - draw map
2023-05-08 14:40:25,270 - INFO - draw map
2023-05-08 14:40:25,304 - INFO - draw map
2023-05-08 14:40:25,337 - INFO - draw map
2023-05-08 14:40:25,370 - INFO - draw map
2023-05-08 14:40:25,403 - INFO - draw map
2023-05-08 14:40:25,436 - INFO - draw map
2023-05-08 14:40:25,470 - INFO - keydown
2023-05-08 14:40:25,471 - INFO - draw map
2023-05-08 14:40:25,503 - INFO - draw map
2023-05-08 14:40:25,535 - INFO - draw map
2023-05-08 14:40:25,569 - INFO - draw map
2023-05-08 14:40:25,602 - INFO - draw map
2023-05-08 14:40:25,636 - INFO - draw map
2023-05-08 14:40:25,668 - INFO - keydown
2023-05-08 14:40:25,670 - INFO - draw map
2023-05-08 14:40:25,702 - INFO - draw map
2023-05-08 14:40:25,736 - INFO - draw map
2023-05-08 14:40:25,770 - INFO - draw map
2023-05-08 14:40:25,805 - INFO - draw map
2023-05-08 14:40:25,838 - INFO - draw map
2023-05-08 14:40:25,872 - INFO - draw map
2023-05-08 14:40:25,905 - INFO - draw map
2023-05-08 14:40:25,939 - INFO - draw map
2023-05-08 14:40:25,973 - INFO - draw map
2023-05-08 14:40:26,007 - INFO - draw map
2023-05-08 14:40:26,040 - INFO - draw map
2023-05-08 14:40:26,074 - INFO - draw map
2023-05-08 14:40:26,108 - INFO - draw map
2023-05-08 14:40:26,140 - INFO - keydown
2023-05-08 14:40:26,140 - INFO - draw map
2023-05-08 14:40:26,173 - INFO - draw map
2023-05-08 14:40:26,208 - INFO - draw map
2023-05-08 14:40:26,241 - INFO - draw map
2023-05-08 14:40:26,274 - INFO - draw map
2023-05-08 14:40:26,308 - INFO - draw map
2023-05-08 14:40:26,342 - INFO - keydown
2023-05-08 14:40:26,343 - INFO - draw map
2023-05-08 14:40:26,376 - INFO - draw map
2023-05-08 14:40:26,410 - INFO - draw map
2023-05-08 14:40:26,444 - INFO - draw map
2023-05-08 14:40:26,477 - INFO - draw map
2023-05-08 14:40:26,510 - INFO - draw map
2023-05-08 14:40:26,543 - INFO - draw map
2023-05-08 14:40:26,577 - INFO - draw map
2023-05-08 14:40:26,610 - INFO - draw map
2023-05-08 14:40:26,643 - INFO - draw map
2023-05-08 14:40:26,676 - INFO - draw map
2023-05-08 14:40:26,710 - INFO - draw map
2023-05-08 14:40:26,743 - INFO - draw map
2023-05-08 14:40:26,777 - INFO - draw map
2023-05-08 14:40:26,810 - INFO - draw map
2023-05-08 14:40:26,843 - INFO - draw map
2023-05-08 14:40:26,876 - INFO - draw map
2023-05-08 14:40:26,910 - INFO - draw map
2023-05-08 14:40:26,943 - INFO - draw map
2023-05-08 14:40:26,977 - INFO - draw map
2023-05-08 14:40:27,010 - INFO - draw map
2023-05-08 14:40:27,043 - INFO - draw map
2023-05-08 14:40:27,076 - INFO - draw map
2023-05-08 14:40:27,110 - INFO - draw map
2023-05-08 14:40:27,145 - INFO - draw map
2023-05-08 14:40:27,178 - INFO - draw map
2023-05-08 14:40:27,210 - INFO - draw map
2023-05-08 14:40:27,244 - INFO - draw map
2023-05-08 14:40:27,278 - INFO - draw map
2023-05-08 14:40:27,311 - INFO - draw map
2023-05-08 14:40:27,345 - INFO - draw map
2023-05-08 14:40:27,379 - INFO - draw map
2023-05-08 14:40:27,413 - INFO - draw map
2023-05-08 14:40:27,447 - INFO - draw map
2023-05-08 14:40:27,480 - INFO - draw map
2023-05-08 14:40:27,513 - INFO - draw map
2023-05-08 14:40:27,548 - INFO - draw map
2023-05-08 14:40:27,581 - INFO - draw map
2023-05-08 14:40:27,615 - INFO - draw map
2023-05-08 14:40:27,648 - INFO - keydown
2023-05-08 14:40:27,650 - INFO - non battle key press: z
2023-05-08 14:40:27,651 - INFO - npc interacting with player
2023-05-08 14:40:27,652 - INFO - draw map
2023-05-08 14:40:27,682 - INFO - draw map
2023-05-08 14:40:27,716 - INFO - draw map
2023-05-08 14:40:27,750 - INFO - draw map
2023-05-08 14:40:27,783 - INFO - draw map
2023-05-08 14:40:27,815 - INFO - draw map
2023-05-08 14:40:27,850 - INFO - draw map
2023-05-08 14:40:27,883 - INFO - draw map
2023-05-08 14:40:27,917 - INFO - draw map
2023-05-08 14:40:27,950 - INFO - draw map
2023-05-08 14:40:27,982 - INFO - draw map
2023-05-08 14:40:28,016 - INFO - draw map
2023-05-08 14:40:28,050 - INFO - draw map
2023-05-08 14:40:28,083 - INFO - draw map
2023-05-08 14:40:28,115 - INFO - draw map
2023-05-08 14:40:28,148 - INFO - draw map
2023-05-08 14:40:28,181 - INFO - draw map
2023-05-08 14:40:28,215 - INFO - draw map
2023-05-08 14:40:28,248 - INFO - draw map
2023-05-08 14:40:28,282 - INFO - draw map
2023-05-08 14:40:28,316 - INFO - draw map
2023-05-08 14:40:28,350 - INFO - draw map
2023-05-08 14:40:28,384 - INFO - draw map
2023-05-08 14:40:28,418 - INFO - draw map
2023-05-08 14:40:28,451 - INFO - draw map
2023-05-08 14:40:28,484 - INFO - draw map
2023-05-08 14:40:28,518 - INFO - draw map
2023-05-08 14:40:28,550 - INFO - draw map
2023-05-08 14:40:28,584 - INFO - draw map
2023-05-08 14:40:28,618 - INFO - draw map
2023-05-08 14:40:28,651 - INFO - draw map
2023-05-08 14:40:28,685 - INFO - draw map
2023-05-08 14:40:28,719 - INFO - draw map
2023-05-08 14:40:28,753 - INFO - draw map
2023-05-08 14:40:28,787 - INFO - draw map
2023-05-08 14:40:28,821 - INFO - draw map
2023-05-08 14:40:28,854 - INFO - draw map
2023-05-08 14:40:28,887 - INFO - draw map
2023-05-08 14:40:28,921 - INFO - draw map
2023-05-08 14:40:28,955 - INFO - draw map
2023-05-08 14:40:28,989 - INFO - draw map
2023-05-08 14:40:29,022 - INFO - draw map
2023-05-08 14:40:29,056 - INFO - draw map
2023-05-08 14:40:29,090 - INFO - draw map
2023-05-08 14:40:29,124 - INFO - draw map
2023-05-08 14:40:29,157 - INFO - draw map
2023-05-08 14:40:29,191 - INFO - draw map
2023-05-08 14:40:29,225 - INFO - draw map
2023-05-08 14:40:29,258 - INFO - draw map
2023-05-08 14:40:29,291 - INFO - draw map
2023-05-08 14:40:29,325 - INFO - draw map
2023-05-08 14:40:29,358 - INFO - draw map
2023-05-08 14:40:29,391 - INFO - draw map
2023-05-08 14:40:29,425 - INFO - draw map
2023-05-08 14:40:29,458 - INFO - draw map
2023-05-08 14:40:29,492 - INFO - draw map
2023-05-08 14:40:29,524 - INFO - draw map
2023-05-08 14:40:29,558 - INFO - draw map
2023-05-08 14:40:29,592 - INFO - draw map
2023-05-08 14:40:29,624 - INFO - draw map
2023-05-08 14:40:29,658 - INFO - draw map
2023-05-08 14:40:29,691 - INFO - draw map
2023-05-08 14:40:29,725 - INFO - keydown
2023-05-08 14:40:29,726 - INFO - player says yes to battle
2023-05-08 14:40:29,727 - INFO - starting battle
2023-05-08 14:40:29,759 - INFO - starting battle
2023-05-08 14:40:29,793 - INFO - starting battle
2023-05-08 14:40:29,826 - INFO - starting battle
2023-05-08 14:40:29,860 - INFO - starting battle
2023-05-08 14:40:29,894 - INFO - starting battle
2023-05-08 14:40:29,928 - INFO - starting battle
2023-05-08 14:40:29,961 - INFO - starting battle
2023-05-08 14:40:29,994 - INFO - starting battle
2023-05-08 14:40:30,028 - INFO - starting battle
2023-05-08 14:40:30,062 - INFO - starting battle
2023-05-08 14:40:30,095 - INFO - starting battle
2023-05-08 14:40:30,128 - INFO - starting battle
2023-05-08 14:40:30,162 - INFO - starting battle
2023-05-08 14:40:30,194 - INFO - starting battle
2023-05-08 14:40:30,228 - INFO - starting battle
2023-05-08 14:40:30,262 - INFO - starting battle
2023-05-08 14:40:30,296 - INFO - starting battle
2023-05-08 14:40:30,330 - INFO - starting battle
2023-05-08 14:40:30,363 - INFO - starting battle
2023-05-08 14:40:30,397 - INFO - starting battle
2023-05-08 14:40:30,430 - INFO - starting battle
2023-05-08 14:40:30,463 - INFO - starting battle
2023-05-08 14:40:30,498 - INFO - starting battle
2023-05-08 14:40:30,531 - INFO - starting battle
2023-05-08 14:40:30,564 - INFO - starting battle
2023-05-08 14:40:30,598 - INFO - starting battle
2023-05-08 14:40:30,631 - INFO - starting battle
2023-05-08 14:40:30,664 - INFO - starting battle
2023-05-08 14:40:30,698 - INFO - starting battle
2023-05-08 14:40:30,732 - INFO - starting battle
2023-05-08 14:40:30,766 - INFO - starting battle
2023-05-08 14:40:30,799 - INFO - starting battle
2023-05-08 14:40:30,833 - INFO - starting battle
2023-05-08 14:40:30,867 - INFO - starting battle
2023-05-08 14:40:30,900 - INFO - starting battle
2023-05-08 14:40:30,933 - INFO - starting battle
2023-05-08 14:40:30,966 - INFO - starting battle
2023-05-08 14:40:31,000 - INFO - starting battle
2023-05-08 14:40:31,034 - INFO - starting battle
2023-05-08 14:40:31,067 - INFO - starting battle
2023-05-08 14:40:31,101 - INFO - starting battle
2023-05-08 14:40:31,134 - INFO - starting battle
2023-05-08 14:40:31,167 - INFO - starting battle
2023-05-08 14:40:31,201 - INFO - starting battle
2023-05-08 14:40:31,234 - INFO - starting battle
2023-05-08 14:40:31,268 - INFO - starting battle
2023-05-08 14:40:31,302 - INFO - starting battle
2023-05-08 14:40:31,335 - INFO - starting battle
2023-05-08 14:40:31,369 - INFO - starting battle
2023-05-08 14:40:31,403 - INFO - starting battle
2023-05-08 14:40:31,436 - INFO - starting battle
2023-05-08 14:40:31,469 - INFO - starting battle
2023-05-08 14:40:31,503 - INFO - starting battle
2023-05-08 14:40:31,537 - INFO - starting battle
2023-05-08 14:40:31,570 - INFO - starting battle
2023-05-08 14:40:31,604 - INFO - starting battle
2023-05-08 14:40:31,638 - INFO - starting battle
2023-05-08 14:40:31,672 - INFO - starting battle
2023-05-08 14:40:31,706 - INFO - starting battle
2023-05-08 14:40:31,740 - INFO - starting battle
2023-05-08 14:40:31,773 - INFO - starting battle
2023-05-08 14:40:31,806 - INFO - starting battle
2023-05-08 14:40:31,840 - INFO - starting battle
2023-05-08 14:40:31,873 - INFO - starting battle
2023-05-08 14:40:31,906 - INFO - starting battle
2023-05-08 14:40:31,940 - INFO - starting battle
2023-05-08 14:40:31,973 - INFO - starting battle
2023-05-08 14:40:32,006 - INFO - starting battle
2023-05-08 14:40:32,039 - INFO - starting battle
2023-05-08 14:40:32,073 - INFO - starting battle
2023-05-08 14:40:32,105 - INFO - starting battle
2023-05-08 14:40:32,138 - INFO - starting battle
2023-05-08 14:40:32,172 - INFO - starting battle
2023-05-08 14:40:32,205 - INFO - starting battle
2023-05-08 14:40:32,238 - INFO - starting battle
2023-05-08 14:40:32,272 - INFO - starting battle
2023-05-08 14:40:32,306 - INFO - starting battle
2023-05-08 14:40:32,340 - INFO - starting battle
2023-05-08 14:40:32,374 - INFO - starting battle
2023-05-08 14:40:32,408 - INFO - starting battle
2023-05-08 14:40:32,441 - INFO - starting battle
2023-05-08 14:40:32,474 - INFO - starting battle
2023-05-08 14:40:32,508 - INFO - starting battle
2023-05-08 14:40:32,542 - INFO - starting battle
2023-05-08 14:40:32,576 - INFO - starting battle
2023-05-08 14:40:32,610 - INFO - starting battle
2023-05-08 14:40:32,643 - INFO - starting battle
2023-05-08 14:40:32,676 - INFO - starting battle
2023-05-08 14:40:32,710 - INFO - starting battle
2023-05-08 14:40:32,745 - INFO - starting battle
2023-05-08 14:40:32,779 - INFO - starting battle
2023-05-08 14:40:32,812 - INFO - starting battle
2023-05-08 14:40:32,845 - INFO - starting battle
2023-05-08 14:40:32,879 - INFO - starting battle
2023-05-08 14:40:32,912 - INFO - starting battle
2023-05-08 14:40:32,946 - INFO - starting battle
2023-05-08 14:40:32,980 - INFO - starting battle
2023-05-08 14:40:33,013 - INFO - starting battle
2023-05-08 14:40:33,046 - INFO - starting battle
2023-05-08 14:40:33,080 - INFO - starting battle
2023-05-08 14:40:33,114 - INFO - starting battle
2023-05-08 14:40:33,147 - INFO - starting battle
2023-05-08 14:40:33,181 - INFO - starting battle
2023-05-08 14:40:33,214 - INFO - starting battle
2023-05-08 14:40:33,248 - INFO - starting battle
2023-05-08 14:40:33,281 - INFO - starting battle
2023-05-08 14:40:33,314 - INFO - starting battle
2023-05-08 14:40:33,347 - INFO - starting battle
2023-05-08 14:40:33,381 - INFO - starting battle
2023-05-08 14:40:33,413 - INFO - starting battle
2023-05-08 14:40:33,447 - INFO - starting battle
2023-05-08 14:40:33,480 - INFO - starting battle
2023-05-08 14:40:33,513 - INFO - starting battle
2023-05-08 14:40:33,547 - INFO - starting battle
2023-05-08 14:40:33,580 - INFO - starting battle
2023-05-08 14:40:33,613 - INFO - starting battle
2023-05-08 14:40:33,648 - INFO - keydown
2023-05-08 14:40:33,650 - INFO - starting battle
2023-05-08 14:40:33,680 - INFO - starting battle
2023-05-08 14:40:33,714 - INFO - starting battle
2023-05-08 14:40:33,747 - INFO - starting battle
2023-05-08 14:40:33,780 - INFO - starting battle
2023-05-08 14:40:33,813 - INFO - starting battle
2023-05-08 14:40:33,846 - INFO - starting battle
2023-05-08 14:40:33,880 - INFO - starting battle
2023-05-08 14:40:33,913 - INFO - starting battle
2023-05-08 14:40:33,946 - INFO - starting battle
2023-05-08 14:40:33,980 - INFO - starting battle
2023-05-08 14:40:34,013 - INFO - starting battle
2023-05-08 14:40:34,047 - INFO - starting battle
2023-05-08 14:40:34,081 - INFO - starting battle
2023-05-08 14:40:34,115 - INFO - starting battle
2023-05-08 14:40:34,148 - INFO - starting battle
2023-05-08 14:40:34,181 - INFO - starting battle
2023-05-08 14:40:34,214 - INFO - starting battle
2023-05-08 14:40:34,247 - INFO - starting battle
2023-05-08 14:40:34,281 - INFO - starting battle
2023-05-08 14:40:34,314 - INFO - starting battle
2023-05-08 14:40:34,347 - INFO - starting battle
2023-05-08 14:40:34,380 - INFO - starting battle
2023-05-08 14:40:34,414 - INFO - starting battle
2023-05-08 14:40:34,447 - INFO - starting battle
2023-05-08 14:40:34,481 - INFO - starting battle
2023-05-08 14:40:34,514 - INFO - starting battle
2023-05-08 14:40:34,548 - INFO - starting battle
2023-05-08 14:40:34,581 - INFO - starting battle
2023-05-08 14:40:34,615 - INFO - starting battle
2023-05-08 14:40:34,648 - INFO - starting battle
2023-05-08 14:40:34,682 - INFO - starting battle
2023-05-08 14:40:34,716 - INFO - starting battle
2023-05-08 14:40:34,749 - INFO - starting battle
2023-05-08 14:40:34,783 - INFO - starting battle
2023-05-08 14:40:34,818 - INFO - starting battle
2023-05-08 14:40:34,851 - INFO - starting battle
2023-05-08 14:40:34,885 - INFO - starting battle
2023-05-08 14:40:34,918 - INFO - starting battle
2023-05-08 14:40:34,951 - INFO - starting battle
2023-05-08 14:40:34,985 - INFO - starting battle
2023-05-08 14:40:35,019 - INFO - starting battle
2023-05-08 14:40:35,053 - INFO - starting battle
2023-05-08 14:40:35,086 - INFO - starting battle
2023-05-08 14:40:35,119 - INFO - starting battle
2023-05-08 14:40:35,153 - INFO - starting battle
2023-05-08 14:40:35,186 - INFO - starting battle
2023-05-08 14:40:35,220 - INFO - keydown
2023-05-08 14:40:35,221 - INFO - starting battle
2023-05-08 14:40:35,254 - INFO - starting battle
2023-05-08 14:40:35,288 - INFO - starting battle
2023-05-08 14:40:35,321 - INFO - starting battle
2023-05-08 14:40:35,355 - INFO - starting battle
2023-05-08 14:40:35,389 - INFO - starting battle
2023-05-08 14:40:35,423 - INFO - starting battle
2023-05-08 14:40:35,457 - INFO - starting battle
2023-05-08 14:40:35,492 - INFO - starting battle
2023-05-08 14:40:35,525 - INFO - starting battle
2023-05-08 14:40:35,558 - INFO - starting battle
2023-05-08 14:40:35,591 - INFO - starting battle
2023-05-08 14:40:35,624 - INFO - starting battle
2023-05-08 14:40:35,658 - INFO - starting battle
2023-05-08 14:40:35,693 - INFO - keydown
2023-05-08 14:40:35,695 - INFO - starting battle
2023-05-08 14:40:35,727 - INFO - starting battle
2023-05-08 14:40:35,760 - INFO - starting battle
2023-05-08 14:40:35,793 - INFO - starting battle
2023-05-08 14:40:35,827 - INFO - starting battle
2023-05-08 14:40:35,860 - INFO - starting battle
2023-05-08 14:40:35,894 - INFO - starting battle
2023-05-08 14:40:35,928 - INFO - starting battle
2023-05-08 14:40:35,962 - INFO - starting battle
2023-05-08 14:40:35,995 - INFO - starting battle
2023-05-08 14:40:36,028 - INFO - starting battle
2023-05-08 14:40:36,062 - INFO - starting battle
2023-05-08 14:40:36,096 - INFO - starting battle
2023-05-08 14:40:36,129 - INFO - starting battle
2023-05-08 14:40:36,163 - INFO - starting battle
2023-05-08 14:40:36,197 - INFO - starting battle
2023-05-08 14:40:36,231 - INFO - starting battle
2023-05-08 14:40:36,265 - INFO - starting battle
2023-05-08 14:40:36,298 - INFO - starting battle
2023-05-08 14:40:36,333 - INFO - keydown
2023-05-08 14:40:36,335 - INFO - starting battle
2023-05-08 14:40:36,367 - INFO - starting battle
2023-05-08 14:40:36,401 - INFO - starting battle
2023-05-08 14:40:36,434 - INFO - starting battle
2023-05-08 14:40:36,467 - INFO - starting battle
2023-05-08 14:40:36,501 - INFO - starting battle
2023-05-08 14:40:36,535 - INFO - starting battle
2023-05-08 14:40:36,568 - INFO - starting battle
2023-05-08 14:40:36,602 - INFO - starting battle
2023-05-08 14:40:36,635 - INFO - starting battle
2023-05-08 14:40:36,668 - INFO - starting battle
2023-05-08 14:40:36,701 - INFO - starting battle
2023-05-08 14:40:36,735 - INFO - starting battle
2023-05-08 14:40:36,769 - INFO - starting battle
2023-05-08 14:40:36,803 - INFO - starting battle
2023-05-08 14:40:36,836 - INFO - starting battle
2023-05-08 14:40:36,870 - INFO - keydown
2023-05-08 14:40:36,871 - INFO - starting battle
2023-05-08 14:40:36,904 - INFO - starting battle
2023-05-08 14:40:36,938 - INFO - starting battle
2023-05-08 14:40:36,970 - INFO - starting battle
2023-05-08 14:40:37,003 - INFO - starting battle
2023-05-08 14:40:37,037 - INFO - starting battle
2023-05-08 14:40:37,071 - INFO - starting battle
2023-05-08 14:40:37,105 - INFO - starting battle
2023-05-08 14:40:37,138 - INFO - starting battle
2023-05-08 14:40:37,172 - INFO - starting battle
2023-05-08 14:40:37,205 - INFO - starting battle
2023-05-08 14:40:37,238 - INFO - starting battle
2023-05-08 14:40:37,271 - INFO - starting battle
2023-05-08 14:40:37,304 - INFO - starting battle
2023-05-08 14:40:37,338 - INFO - starting battle
2023-05-08 14:40:37,371 - INFO - starting battle
2023-05-08 14:40:37,404 - INFO - starting battle
2023-05-08 14:40:37,438 - INFO - starting battle
2023-05-08 14:40:37,472 - INFO - starting battle
2023-05-08 14:40:37,506 - INFO - starting battle
2023-05-08 14:40:37,539 - INFO - starting battle
2023-05-08 14:40:37,572 - INFO - starting battle
2023-05-08 14:40:37,604 - INFO - starting battle
2023-05-08 14:40:37,638 - INFO - starting battle
2023-05-08 14:40:37,672 - INFO - starting battle
2023-05-08 14:40:37,705 - INFO - starting battle
2023-05-08 14:40:37,738 - INFO - starting battle
2023-05-08 14:40:37,771 - INFO - starting battle
2023-05-08 14:40:37,804 - INFO - starting battle
2023-05-08 14:40:37,838 - INFO - starting battle
2023-05-08 14:40:37,872 - INFO - starting battle
2023-05-08 14:40:37,906 - INFO - starting battle
2023-05-08 14:40:37,940 - INFO - starting battle
2023-05-08 14:40:37,974 - INFO - starting battle
2023-05-08 14:40:38,008 - INFO - starting battle
2023-05-08 14:40:38,041 - INFO - starting battle
2023-05-08 14:40:38,075 - INFO - starting battle
2023-05-08 14:40:38,108 - INFO - starting battle
2023-05-08 14:40:38,142 - INFO - starting battle
2023-05-08 14:40:38,176 - INFO - starting battle
2023-05-08 14:40:38,208 - INFO - starting battle
2023-05-08 14:40:38,242 - INFO - starting battle
2023-05-08 14:40:38,276 - INFO - starting battle
2023-05-08 14:40:38,310 - INFO - starting battle
2023-05-08 14:40:38,342 - INFO - starting battle
2023-05-08 14:40:38,376 - INFO - starting battle
2023-05-08 14:40:38,409 - INFO - starting battle
2023-05-08 14:40:38,443 - INFO - starting battle
2023-05-08 14:40:38,478 - INFO - keydown
2023-05-08 14:40:38,478 - INFO - starting battle
2023-05-08 14:40:38,512 - INFO - starting battle
2023-05-08 14:40:38,513 - INFO - ending battle
2023-05-08 14:40:38,514 - INFO - empty team for npc
2023-05-08 14:40:38,516 - INFO - draw map
2023-05-08 14:40:38,544 - INFO - draw map
2023-05-08 14:40:38,578 - INFO - draw map
2023-05-08 14:40:38,611 - INFO - draw map
2023-05-08 14:40:38,645 - INFO - draw map
2023-05-08 14:40:38,678 - INFO - draw map
2023-05-08 14:40:38,712 - INFO - draw map
2023-05-08 14:40:38,744 - INFO - draw map
2023-05-08 14:40:38,778 - INFO - draw map
2023-05-08 14:40:38,812 - INFO - draw map
2023-05-08 14:40:38,846 - INFO - draw map
2023-05-08 14:40:38,879 - INFO - draw map
2023-05-08 14:40:38,912 - INFO - draw map
2023-05-08 14:40:38,946 - INFO - draw map
2023-05-08 14:40:38,980 - INFO - draw map
2023-05-08 14:40:39,014 - INFO - draw map
2023-05-08 14:40:39,047 - INFO - draw map
2023-05-08 14:40:39,081 - INFO - draw map
2023-05-08 14:40:39,115 - INFO - draw map
2023-05-08 14:40:39,149 - INFO - draw map
2023-05-08 14:40:39,183 - INFO - draw map
2023-05-08 14:40:39,218 - INFO - draw map
2023-05-08 14:40:39,252 - INFO - draw map
2023-05-08 14:40:39,286 - INFO - draw map
2023-05-08 14:40:39,319 - INFO - draw map
2023-05-08 14:40:39,352 - INFO - draw map
2023-05-08 14:40:39,385 - INFO - draw map
2023-05-08 14:40:39,419 - INFO - draw map
2023-05-08 14:40:39,452 - INFO - draw map
2023-05-08 14:40:39,485 - INFO - draw map
2023-05-08 14:40:39,518 - INFO - draw map
2023-05-08 14:40:39,552 - INFO - draw map
2023-05-08 14:40:39,585 - INFO - draw map
2023-05-08 14:40:39,619 - INFO - draw map
2023-05-08 14:40:39,653 - INFO - draw map
2023-05-08 14:40:39,686 - INFO - draw map
2023-05-08 14:40:39,720 - INFO - draw map
2023-05-08 14:40:39,753 - INFO - draw map
2023-05-08 14:40:39,786 - INFO - draw map
2023-05-08 14:40:39,819 - INFO - draw map
2023-05-08 14:40:39,853 - INFO - draw map
2023-05-08 14:40:39,886 - INFO - draw map
2023-05-08 14:40:39,920 - INFO - draw map
2023-05-08 14:40:39,953 - INFO - draw map
2023-05-08 14:40:39,986 - INFO - draw map
2023-05-08 14:40:40,020 - INFO - draw map
2023-05-08 14:40:40,053 - INFO - draw map
2023-05-08 14:40:40,087 - INFO - draw map
2023-05-08 14:40:40,120 - INFO - draw map
2023-05-08 14:40:40,154 - INFO - draw map
2023-05-08 14:40:40,188 - INFO - draw map
2023-05-08 14:40:40,222 - INFO - draw map
2023-05-08 14:40:40,255 - INFO - draw map
2023-05-08 14:40:40,289 - INFO - draw map
2023-05-08 14:40:40,323 - INFO - draw map
2023-05-08 14:40:40,357 - INFO - draw map
2023-05-08 14:40:40,390 - INFO - draw map
2023-05-08 14:40:40,423 - INFO - draw map
2023-05-08 14:40:40,457 - INFO - draw map
2023-05-08 14:40:40,490 - INFO - draw map
2023-05-08 14:40:40,523 - INFO - draw map
2023-05-08 14:40:40,557 - INFO - draw map
2023-05-08 14:40:40,591 - INFO - draw map
2023-05-08 14:40:40,624 - INFO - draw map
2023-05-08 14:40:40,656 - INFO - draw map
2023-05-08 14:40:40,689 - INFO - draw map
2023-05-08 14:40:40,723 - INFO - draw map
2023-05-08 14:40:40,758 - INFO - draw map
2023-05-08 14:40:40,790 - INFO - draw map
2023-05-08 14:40:40,823 - INFO - draw map
2023-05-08 14:40:40,856 - INFO - draw map
2023-05-08 14:40:40,890 - INFO - draw map
2023-05-08 14:40:40,924 - INFO - draw map
2023-05-08 14:40:40,958 - INFO - draw map
2023-05-08 14:40:40,992 - INFO - draw map
2023-05-08 14:40:41,025 - INFO - draw map
2023-05-08 14:40:41,058 - INFO - draw map
2023-05-08 14:40:41,091 - INFO - draw map
2023-05-08 14:40:41,125 - INFO - draw map
2023-05-08 14:40:41,159 - INFO - draw map
2023-05-08 14:40:41,192 - INFO - draw map
2023-05-08 14:40:41,226 - INFO - draw map
2023-05-08 14:40:41,260 - INFO - draw map
2023-05-08 14:40:41,293 - INFO - draw map
2023-05-08 14:40:41,327 - INFO - draw map
2023-05-08 14:40:41,361 - INFO - draw map
2023-05-08 14:40:41,395 - INFO - draw map
2023-05-08 14:40:41,428 - INFO - draw map
2023-05-08 14:40:41,481 - INFO - draw map
2023-05-08 14:40:41,496 - INFO - draw map
2023-05-08 14:40:41,527 - INFO - draw map
2023-05-08 14:40:41,561 - INFO - draw map
2023-05-08 14:40:41,594 - INFO - draw map
2023-05-08 14:40:41,627 - INFO - draw map
2023-05-08 14:40:41,661 - INFO - draw map
2023-05-08 14:40:41,694 - INFO - draw map
2023-05-08 14:40:41,727 - INFO - draw map
2023-05-08 14:40:41,760 - INFO - draw map
2023-05-08 14:40:41,794 - INFO - draw map
2023-05-08 14:40:41,828 - INFO - draw map
2023-05-08 14:40:41,861 - INFO - draw map
2023-05-08 14:40:41,895 - INFO - draw map
2023-05-08 14:40:41,928 - INFO - draw map
2023-05-08 14:40:41,962 - INFO - draw map
2023-05-08 14:40:41,996 - INFO - draw map
2023-05-08 14:40:42,029 - INFO - draw map
2023-05-08 14:40:42,062 - INFO - draw map
2023-05-08 14:40:42,096 - INFO - draw map
2023-05-08 14:40:42,130 - INFO - draw map
2023-05-08 14:40:42,164 - INFO - draw map
2023-05-08 14:40:42,198 - INFO - draw map
2023-05-08 14:40:42,230 - INFO - draw map
2023-05-08 14:40:42,264 - INFO - draw map
2023-05-08 14:40:42,297 - INFO - draw map
2023-05-08 14:40:42,330 - INFO - draw map
2023-05-08 14:40:42,364 - INFO - draw map
2023-05-08 14:40:42,397 - INFO - draw map
2023-05-08 14:40:42,430 - INFO - draw map
2023-05-08 14:40:42,464 - INFO - draw map
2023-05-08 14:40:42,498 - INFO - draw map
2023-05-08 14:40:42,532 - INFO - draw map
2023-05-08 14:40:42,565 - INFO - draw map
2023-05-08 14:40:42,599 - INFO - draw map
2023-05-08 14:40:42,633 - INFO - draw map
2023-05-08 14:40:42,667 - INFO - draw map
2023-05-08 14:40:42,701 - INFO - draw map
2023-05-08 14:40:42,735 - INFO - draw map
2023-05-08 14:40:42,769 - INFO - draw map
2023-05-08 14:40:42,802 - INFO - draw map
2023-05-08 14:40:42,837 - INFO - draw map
2023-05-08 14:40:42,869 - INFO - draw map
2023-05-08 14:40:42,902 - INFO - draw map
2023-05-08 14:40:42,936 - INFO - draw map
2023-05-08 14:40:42,970 - INFO - draw map
2023-05-08 14:40:43,003 - INFO - draw map
2023-05-08 14:40:43,037 - INFO - draw map
2023-05-08 14:40:43,070 - INFO - draw map
2023-05-08 14:40:43,103 - INFO - draw map
2023-05-08 14:40:43,136 - INFO - draw map
2023-05-08 14:40:43,170 - INFO - draw map
2023-05-08 14:40:43,203 - INFO - draw map
2023-05-08 14:40:43,236 - INFO - draw map
2023-05-08 14:40:43,269 - INFO - draw map
2023-05-08 14:40:43,303 - INFO - draw map
2023-05-08 14:40:43,336 - INFO - draw map
2023-05-08 14:40:43,370 - INFO - draw map
2023-05-08 14:40:43,404 - INFO - draw map
2023-05-08 14:40:43,438 - INFO - draw map
2023-05-08 14:40:43,471 - INFO - draw map
2023-05-08 14:40:43,505 - INFO - draw map
2023-05-08 14:40:43,538 - INFO - draw map
2023-05-08 14:40:43,571 - INFO - draw map
2023-05-08 14:40:43,605 - INFO - draw map
2023-05-08 14:40:43,639 - INFO - draw map
2023-05-08 14:40:43,672 - INFO - draw map
2023-05-08 14:40:43,705 - INFO - draw map
2023-05-08 14:40:43,738 - INFO - draw map
2023-05-08 14:40:43,772 - INFO - draw map
2023-05-08 14:40:43,806 - INFO - draw map
2023-05-08 14:40:43,840 - INFO - draw map
2023-05-08 14:40:43,874 - INFO - draw map
2023-05-08 14:40:43,908 - INFO - draw map
2023-05-08 14:40:43,942 - INFO - draw map
2023-05-08 14:40:43,976 - INFO - draw map
2023-05-08 14:40:44,009 - INFO - draw map
2023-05-08 14:40:44,042 - INFO - draw map
2023-05-08 14:40:44,076 - INFO - draw map
2023-05-08 14:40:44,109 - INFO - draw map
2023-05-08 14:40:44,143 - INFO - draw map
2023-05-08 14:40:44,176 - INFO - draw map
2023-05-08 14:40:44,210 - INFO - draw map
2023-05-08 14:40:44,244 - INFO - draw map
2023-05-08 14:40:44,278 - INFO - draw map
2023-05-08 14:40:44,310 - INFO - draw map
2023-05-08 14:40:44,343 - INFO - draw map
2023-05-08 14:40:44,377 - INFO - draw map
2023-05-08 14:40:44,410 - INFO - draw map
2023-05-08 14:40:44,444 - INFO - draw map
2023-05-08 14:40:44,477 - INFO - draw map
2023-05-08 14:40:44,511 - INFO - draw map
2023-05-08 14:40:44,544 - INFO - draw map
2023-05-08 14:40:44,578 - INFO - draw map
2023-05-08 14:40:44,611 - INFO - draw map
2023-05-08 14:40:44,645 - INFO - draw map
2023-05-08 14:40:44,679 - INFO - draw map
2023-05-08 14:40:44,713 - INFO - draw map
2023-05-08 14:40:44,748 - INFO - draw map
2023-05-08 14:40:44,780 - INFO - draw map
2023-05-08 14:40:44,814 - INFO - draw map
2023-05-08 14:40:44,849 - INFO - draw map
2023-05-08 14:40:44,883 - INFO - draw map
2023-05-08 14:40:44,917 - INFO - draw map
2023-05-08 14:40:44,951 - INFO - draw map
2023-05-08 14:40:44,992 - INFO - draw map
2023-05-08 14:40:45,019 - INFO - draw map
2023-05-08 14:40:45,053 - INFO - draw map
2023-05-08 14:40:45,086 - INFO - draw map
2023-05-08 14:40:45,121 - INFO - draw map
2023-05-08 14:40:45,153 - INFO - draw map
2023-05-08 14:40:45,185 - INFO - draw map
2023-05-08 14:40:45,219 - INFO - draw map
2023-05-08 14:40:45,252 - INFO - draw map
2023-05-08 14:40:45,285 - INFO - draw map
2023-05-08 14:40:45,319 - INFO - draw map
2023-05-08 14:40:45,353 - INFO - draw map
2023-05-08 14:40:45,386 - INFO - draw map
2023-05-08 14:40:45,420 - INFO - draw map
2023-05-08 14:40:45,454 - INFO - draw map
2023-05-08 14:40:45,488 - INFO - draw map
2023-05-08 14:40:45,520 - INFO - draw map
2023-05-08 14:40:45,553 - INFO - draw map
2023-05-08 14:40:45,586 - INFO - draw map
2023-05-08 14:40:45,620 - INFO - draw map
2023-05-08 14:40:45,655 - INFO - draw map
2023-05-08 14:40:45,688 - INFO - draw map
2023-05-08 14:40:45,722 - INFO - draw map
2023-05-08 14:40:45,755 - INFO - draw map
2023-05-08 14:40:45,789 - INFO - draw map
2023-05-08 14:40:45,822 - INFO - draw map
2023-05-08 14:40:45,856 - INFO - draw map
2023-05-08 14:40:45,890 - INFO - draw map
2023-05-08 14:40:45,923 - INFO - draw map
2023-05-08 14:40:45,956 - INFO - draw map
2023-05-08 14:40:45,989 - INFO - draw map
2023-05-08 14:40:46,023 - INFO - draw map
2023-05-08 14:40:46,110 - INFO - QUIT GAME
2023-05-08 14:40:46,110 - INFO - draw map
